<?xml version="1.0" encoding="UTF-8"?>
<testng-results total="1" passed="1" failed="0" skipped="0">
  <reporter-output>
  </reporter-output>
  <suite started-at="2018-09-27T21:42:21Z" name="Default suite" finished-at="2018-09-27T21:42:37Z" duration-ms="15394">
    <groups>
    </groups>
    <test started-at="2018-09-27T21:42:21Z" name="Default test" finished-at="2018-09-27T21:42:37Z" duration-ms="15394">
      <class name="SeleniumTechfios.TeachfiosHybrideFrameworkHWTest.AddContactTest">
        <test-method signature="AddContactInformation()[pri:0, instance:SeleniumTechfios.TeachfiosHybrideFrameworkHWTest.AddContactTest@4097cac]" started-at="2018-09-27T16:42:21Z" name="AddContactInformation" finished-at="2018-09-27T16:42:37Z" duration-ms="15384" status="PASS">
          <reporter-output>
          </reporter-output>
        </test-method> <!-- AddContactInformation -->
      </class> <!-- SeleniumTechfios.TeachfiosHybrideFrameworkHWTest.AddContactTest -->
    </test> <!-- Default test -->
  </suite> <!-- Default suite -->
</testng-results>
